2025-12-04 20:50:10 - INFO - ================================================================================
2025-12-04 20:50:10 - INFO - 01_data_processing - PoF3 Data Processing
2025-12-04 20:50:10 - INFO - ================================================================================
2025-12-04 20:50:10 - INFO - Analysis date: 2025-12-04 00:00:00
2025-12-04 20:50:10 - INFO - 
2025-12-04 20:50:10 - INFO - [STEP] 1. Loading data
2025-12-04 20:50:10 - INFO - [STEP] Loading fault data from: data/inputs/fault_merged_data.xlsx
2025-12-04 20:50:10 - ERROR - [FATAL] 01_data_processing failed: Missing optional dependency 'openpyxl'.  Use pip or conda to install openpyxl.
Traceback (most recent call last):
  File "C:\Users\begum.orhan\source\repos\PoF3\.venv\Lib\site-packages\pandas\compat\_optional.py", line 135, in import_optional_dependency
    module = importlib.import_module(name)
             ^^^^^^^^^^^^^^^^^^^^^^^^^^^^^
  File "C:\Users\begum.orhan\AppData\Local\Programs\Python\Python312\Lib\importlib\__init__.py", line 90, in import_module
    return _bootstrap._gcd_import(name[level:], package, level)
           ^^^^^^^^^^^^^^^^^^^^^^^^^^^^^^^^^^^^^^^^^^^^^^^^^^^^
  File "<frozen importlib._bootstrap>", line 1387, in _gcd_import
  File "<frozen importlib._bootstrap>", line 1360, in _find_and_load
  File "<frozen importlib._bootstrap>", line 1324, in _find_and_load_unlocked
ModuleNotFoundError: No module named 'openpyxl'

During handling of the above exception, another exception occurred:

Traceback (most recent call last):
  File "C:\Users\begum.orhan\source\repos\PoF3\pipeline\01_data_processing.py", line 433, in main
    df_fault = load_fault_data(logger)
               ^^^^^^^^^^^^^^^^^^^^^^^
  File "C:\Users\begum.orhan\source\repos\PoF3\pipeline\01_data_processing.py", line 154, in load_fault_data
    df = pd.read_excel(path)
         ^^^^^^^^^^^^^^^^^^^
  File "C:\Users\begum.orhan\source\repos\PoF3\.venv\Lib\site-packages\pandas\io\excel\_base.py", line 495, in read_excel
    io = ExcelFile(
         ^^^^^^^^^^
  File "C:\Users\begum.orhan\source\repos\PoF3\.venv\Lib\site-packages\pandas\io\excel\_base.py", line 1567, in __init__
    self._reader = self._engines[engine](
                   ^^^^^^^^^^^^^^^^^^^^^^
  File "C:\Users\begum.orhan\source\repos\PoF3\.venv\Lib\site-packages\pandas\io\excel\_openpyxl.py", line 552, in __init__
    import_optional_dependency("openpyxl")
  File "C:\Users\begum.orhan\source\repos\PoF3\.venv\Lib\site-packages\pandas\compat\_optional.py", line 138, in import_optional_dependency
    raise ImportError(msg)
ImportError: Missing optional dependency 'openpyxl'.  Use pip or conda to install openpyxl.
